#-----------------------------------------------------------
# Vivado v2018.2 (64-bit)
# SW Build 2258646 on Thu Jun 14 20:03:12 MDT 2018
# IP Build 2256618 on Thu Jun 14 22:10:49 MDT 2018
# Start of session at: Sun Jan 22 18:46:09 2023
# Process ID: 15032
# Current directory: D:/elevator_project
# Command line: vivado.exe -gui_launcher_event rodinguilauncherevent3944 D:\elevator_project\elevator_project.xpr
# Log file: D:/elevator_project/vivado.log
# Journal file: D:/elevator_project\vivado.jou
#-----------------------------------------------------------
start_gui
open_project D:/elevator_project/elevator_project.xpr
CRITICAL WARNING: [Project 1-19] Could not find the file 'C:/Users/Uðurhan/Downloads/clk_divider.v'.
CRITICAL WARNING: [Project 1-19] Could not find the file 'C:/Users/Uðurhan/Downloads/debouncer.v'.
CRITICAL WARNING: [Project 1-19] Could not find the file 'C:/Users/Uðurhan/Downloads/elevator.v'.
CRITICAL WARNING: [Project 1-19] Could not find the file 'C:/Users/Uðurhan/Downloads/ssd.v'.
CRITICAL WARNING: [Project 1-19] Could not find the file 'C:/Users/Uðurhan/Downloads/top_module.v'.
CRITICAL WARNING: [Project 1-19] Could not find the file 'C:/Users/Uðurhan/Downloads/project.xdc'.
Scanning sources...
Finished scanning sources
INFO: [IP_Flow 19-234] Refreshing IP repositories
INFO: [IP_Flow 19-1704] No user IP repositories specified
INFO: [IP_Flow 19-2313] Loaded Vivado IP repository 'D:/Vivado/2018.2/data/ip'.
open_project: Time (s): cpu = 00:00:24 ; elapsed = 00:00:20 . Memory (MB): peak = 730.938 ; gain = 49.598
update_compile_order -fileset sources_1
export_ip_user_files -of_objects  [get_files C:/Users/Uðurhan/Downloads/clk_divider.v] -no_script -reset -force -quiet
remove_files  C:/Users/Uðurhan/Downloads/clk_divider.v
export_ip_user_files -of_objects  [get_files C:/Users/Uðurhan/Downloads/debouncer.v] -no_script -reset -force -quiet
remove_files  C:/Users/Uðurhan/Downloads/debouncer.v
export_ip_user_files -of_objects  [get_files C:/Users/Uðurhan/Downloads/elevator.v] -no_script -reset -force -quiet
remove_files  C:/Users/Uðurhan/Downloads/elevator.v
export_ip_user_files -of_objects  [get_files C:/Users/Uðurhan/Downloads/ssd.v] -no_script -reset -force -quiet
remove_files  C:/Users/Uðurhan/Downloads/ssd.v
export_ip_user_files -of_objects  [get_files C:/Users/Uðurhan/Downloads/top_module.v] -no_script -reset -force -quiet
remove_files  C:/Users/Uðurhan/Downloads/top_module.v
export_ip_user_files -of_objects  [get_files C:/Users/Uðurhan/Downloads/project.xdc] -no_script -reset -force -quiet
remove_files  -fileset constrs_1 C:/Users/Uðurhan/Downloads/project.xdc
add_files -norecurse {D:/Project/elevator.v D:/Project/ssd.v D:/Project/debouncer.v D:/Project/clk_divider.v D:/Project/top_module.v}
update_compile_order -fileset sources_1
add_files -fileset constrs_1 -norecurse D:/Project/project.xdc
ERROR: [Common 17-180] Spawn failed: No error
ERROR: [Common 17-180] Spawn failed: No error
update_compile_order -fileset sources_1
exit
ERROR: [Common 17-180] Spawn failed: No error
ERROR: [Common 17-180] Spawn failed: No error
INFO: [Common 17-206] Exiting Vivado at Sun Jan 22 22:16:18 2023...
